[07Mar2026 22:04:10.057] [main/INFO] [cpw.mods.modlauncher.Launcher/MODLAUNCHER]: ModLauncher running: args [--launchTarget, forgeclientdev, --version, 21.1.219, --assetIndex, 17, --assetsDir, /home/lily-snow/.gradle/caches/neoformruntime/assets, --gameDir, ., --fml.fmlVersion, 4.0.42, --fml.mcVersion, 1.21.1, --fml.neoForgeVersion, 21.1.219, --fml.neoFormVersion, 20240808.144430]
[07Mar2026 22:04:10.059] [main/INFO] [cpw.mods.modlauncher.Launcher/MODLAUNCHER]: JVM identified as Arch Linux OpenJDK 64-Bit Server VM 21.0.10+7
[07Mar2026 22:04:10.061] [main/INFO] [cpw.mods.modlauncher.Launcher/MODLAUNCHER]: ModLauncher 11.0.5+main.901c6ea8 starting: java version 21.0.10 by Arch Linux; OS Linux arch amd64 version 6.18.13-arch1-1
[07Mar2026 22:04:10.140] [main/INFO] [net.neoforged.fml.loading.ImmediateWindowHandler/]: Loading ImmediateWindowProvider fmlearlywindow
[07Mar2026 22:04:10.231] [main/INFO] [EARLYDISPLAY/]: Trying GL version 4.6
[07Mar2026 22:04:10.287] [main/INFO] [EARLYDISPLAY/]: Requested GL version 4.6 got version 4.6
[07Mar2026 22:04:10.347] [main/INFO] [mixin/]: SpongePowered MIXIN Subsystem Version=0.8.7 Source=union:/home/lily-snow/.gradle/caches/modules-2/files-2.1/net.fabricmc/sponge-mixin/0.15.2+mixin.0.8.7/2af2f021d8e02a0220dc27a7a72b4666d66d44ca/sponge-mixin-0.15.2+mixin.0.8.7.jar%23126!/ Service=ModLauncher Env=CLIENT
[07Mar2026 22:04:10.392] [pool-2-thread-1/INFO] [EARLYDISPLAY/]: GL info: AMD Radeon 780M Graphics (radeonsi, phoenix, ACO, DRM 3.64, 6.18.13-arch1-1) GL version 4.6 (Core Profile) Mesa 26.0.1-arch1.1, AMD
[07Mar2026 22:04:10.694] [main/INFO] [net.neoforged.fml.loading.moddiscovery.locators.JarInJarDependencyLocator/]: Found 9 dependencies adding them to mods collection
[07Mar2026 22:04:10.696] [main/INFO] [net.neoforged.fml.loading.moddiscovery.ModDiscoverer/]: 
     Mod List:
		Name Version (Mod Id)

		Minecraft 1.21.1 (minecraft)
		NeoForge 21.1.219 (neoforge)
		SimpleSpaceFrameWork 1.0.0 (ssfw)
		Veil 3.1.2 (veil)
[07Mar2026 22:04:11.160] [main/INFO] [mixin/]: Compatibility level set to JAVA_21
[07Mar2026 22:04:11.184] [main/INFO] [cpw.mods.modlauncher.LaunchServiceHandler/MODLAUNCHER]: Launching target 'forgeclientdev' with arguments [--version, 21.1.219, --gameDir, ., --assetsDir, /home/lily-snow/.gradle/caches/neoformruntime/assets, --assetIndex, 17]
[07Mar2026 22:04:11.239] [main/WARN] [mixin/]: Reference map 'veil.refmap.json' for veil.debug.mixins.json could not be read. If this is a development environment you can ignore this message
[07Mar2026 22:04:11.240] [main/WARN] [mixin/]: Reference map 'veil.refmap.json' for veil.dynamicbuffer.mixins.json could not be read. If this is a development environment you can ignore this message
[07Mar2026 22:04:11.240] [main/WARN] [mixin/]: Reference map 'veil.refmap.json' for veil.fix.mixins.json could not be read. If this is a development environment you can ignore this message
[07Mar2026 22:04:11.241] [main/WARN] [mixin/]: Reference map 'veil.refmap.json' for veil.framebuffer.mixins.json could not be read. If this is a development environment you can ignore this message
[07Mar2026 22:04:11.241] [main/WARN] [mixin/]: Reference map 'veil.refmap.json' for veil.imgui.mixins.json could not be read. If this is a development environment you can ignore this message
[07Mar2026 22:04:11.241] [main/WARN] [mixin/]: Reference map 'veil.refmap.json' for veil.necromancer.mixins.json could not be read. If this is a development environment you can ignore this message
[07Mar2026 22:04:11.242] [main/WARN] [mixin/]: Reference map 'veil.refmap.json' for veil.performance.mixins.json could not be read. If this is a development environment you can ignore this message
[07Mar2026 22:04:11.242] [main/WARN] [mixin/]: Reference map 'veil.refmap.json' for veil.perspective.mixins.json could not be read. If this is a development environment you can ignore this message
[07Mar2026 22:04:11.243] [main/WARN] [mixin/]: Reference map 'veil.refmap.json' for veil.pipeline.mixins.json could not be read. If this is a development environment you can ignore this message
[07Mar2026 22:04:11.243] [main/WARN] [mixin/]: Reference map 'veil.refmap.json' for veil.quasar.mixins.json could not be read. If this is a development environment you can ignore this message
[07Mar2026 22:04:11.243] [main/WARN] [mixin/]: Reference map 'veil.refmap.json' for veil.registry.mixins.json could not be read. If this is a development environment you can ignore this message
[07Mar2026 22:04:11.244] [main/WARN] [mixin/]: Reference map 'veil.refmap.json' for veil.rendertype.mixins.json could not be read. If this is a development environment you can ignore this message
[07Mar2026 22:04:11.244] [main/WARN] [mixin/]: Reference map 'veil.refmap.json' for veil.resource.mixins.json could not be read. If this is a development environment you can ignore this message
[07Mar2026 22:04:11.245] [main/WARN] [mixin/]: Reference map 'veil.refmap.json' for veil.scheduler.mixins.json could not be read. If this is a development environment you can ignore this message
[07Mar2026 22:04:11.245] [main/WARN] [mixin/]: Reference map 'veil.refmap.json' for veil.shader.mixins.json could not be read. If this is a development environment you can ignore this message
[07Mar2026 22:04:11.245] [main/WARN] [mixin/]: Reference map 'veil.refmap.json' for veil.neoforge.mixins.json could not be read. If this is a development environment you can ignore this message
[07Mar2026 22:04:11.609] [main/WARN] [mixin/]: Error loading class: net/irisshaders/iris/pipeline/PipelineManager (java.lang.ClassNotFoundException: net.irisshaders.iris.pipeline.PipelineManager)
[07Mar2026 22:04:11.610] [main/WARN] [mixin/]: @Mixin target net.irisshaders.iris.pipeline.PipelineManager was not found veil.neoforge.mixins.json:client.perspective.iris.PipelineManagerMixin from mod veil
[07Mar2026 22:04:11.681] [main/INFO] [MixinExtras|Service/]: Initializing MixinExtras via com.llamalad7.mixinextras.service.MixinExtrasServiceImpl(version=0.5.0).
[07Mar2026 22:04:12.842] [Datafixer Bootstrap/INFO] [com.mojang.datafixers.DataFixerBuilder/]: 229 Datafixer optimizations took 175 milliseconds
[07Mar2026 22:04:19.569] [main/WARN] [net.minecraft.commands.Commands/]: Ambiguity between arguments [teleport, location] and [teleport, destination] with inputs: [0.1 -0.5 .9, 0 0 0]
[07Mar2026 22:04:19.571] [main/WARN] [net.minecraft.commands.Commands/]: Ambiguity between arguments [teleport, location] and [teleport, targets] with inputs: [0.1 -0.5 .9, 0 0 0]
[07Mar2026 22:04:19.573] [main/WARN] [net.minecraft.commands.Commands/]: Ambiguity between arguments [teleport, destination] and [teleport, targets] with inputs: [Player, 0123, @e, dd12be42-52a9-4a91-a8a1-11c01849e498]
[07Mar2026 22:04:19.574] [main/WARN] [net.minecraft.commands.Commands/]: Ambiguity between arguments [teleport, targets] and [teleport, destination] with inputs: [Player, 0123, dd12be42-52a9-4a91-a8a1-11c01849e498]
[07Mar2026 22:04:19.575] [main/WARN] [net.minecraft.commands.Commands/]: Ambiguity between arguments [teleport, targets, location] and [teleport, targets, destination] with inputs: [0.1 -0.5 .9, 0 0 0]
[07Mar2026 22:04:19.716] [Render thread/WARN] [net.minecraft.server.packs.VanillaPackResourcesBuilder/]: Assets URL 'union:/home/lily-snow/Documents/Simple-Space-FrameWork/build/moddev/artifacts/neoforge-21.1.219.jar%23177!/assets/.mcassetsroot' uses unexpected schema
[07Mar2026 22:04:19.717] [Render thread/WARN] [net.minecraft.server.packs.VanillaPackResourcesBuilder/]: Assets URL 'union:/home/lily-snow/Documents/Simple-Space-FrameWork/build/moddev/artifacts/neoforge-21.1.219.jar%23177!/data/.mcassetsroot' uses unexpected schema
[07Mar2026 22:04:19.733] [Render thread/INFO] [com.mojang.authlib.yggdrasil.YggdrasilAuthenticationService/]: Environment: Environment[sessionHost=https://sessionserver.mojang.com, servicesHost=https://api.minecraftservices.com, name=PROD]
[07Mar2026 22:04:19.738] [Render thread/INFO] [net.minecraft.client.Minecraft/]: Setting user: Dev
[07Mar2026 22:04:19.785] [Render thread/INFO] [net.minecraft.client.Minecraft/]: Backend library: LWJGL version 3.3.3+5
